<?xml version="1.0" encoding="utf-8"?><testsuites name="pytest tests"><testsuite name="pytest" errors="0" failures="0" skipped="0" tests="12" time="3.733" timestamp="2026-01-10T04:48:24.053253+00:00" hostname="agent-env-34d8f113-ed10-4daa-a436-fda937e562e7"><testcase classname="tests.test_logbook_api.TestAuth" name="test_login_success" time="0.277" /><testcase classname="tests.test_logbook_api.TestAuth" name="test_login_invalid_credentials" time="0.061" /><testcase classname="tests.test_logbook_api.TestLogbookYears" name="test_get_logbook_years" time="0.259" /><testcase classname="tests.test_logbook_api.TestLogbookYears" name="test_create_logbook_year" time="0.319" /><testcase classname="tests.test_logbook_api.TestLogbookEntries" name="test_get_logbook_entries" time="0.311" /><testcase classname="tests.test_logbook_api.TestLogbookEntries" name="test_create_entry_direct_client_contact" time="0.299" /><testcase classname="tests.test_logbook_api.TestLogbookEntries" name="test_create_entry_other_activity_type_bug_check" time="0.309" /><testcase classname="tests.test_logbook_api.TestLogbookEntries" name="test_update_entry_preserves_activity_type" time="0.346" /><testcase classname="tests.test_logbook_api.TestLogbookEntries" name="test_create_all_activity_types" time="0.592" /><testcase classname="tests.test_logbook_api.TestLogbookStats" name="test_get_stats" time="0.305" /><testcase classname="tests.test_logbook_api.TestCPDEndpoints" name="test_get_cpd_activities" time="0.252" /><testcase classname="tests.test_logbook_api.TestCPDEndpoints" name="test_get_cpd_consultations" time="0.255" /></testsuite></testsuites>