<?xml version="1.0" encoding="utf-8"?><testsuites name="pytest tests"><testsuite name="pytest" errors="0" failures="1" skipped="0" tests="19" time="6.825" timestamp="2026-01-10T05:28:25.490279+00:00" hostname="agent-env-34d8f113-ed10-4daa-a436-fda937e562e7"><testcase classname="tests.test_logbook_api.TestAuth" name="test_login_success" time="0.267" /><testcase classname="tests.test_logbook_api.TestAuth" name="test_login_invalid_credentials" time="0.018" /><testcase classname="tests.test_logbook_api.TestLogbookYears" name="test_get_logbook_years" time="0.261" /><testcase classname="tests.test_logbook_api.TestLogbookYears" name="test_create_logbook_year" time="0.270" /><testcase classname="tests.test_logbook_api.TestLogbookEntries" name="test_get_logbook_entries" time="1.323" /><testcase classname="tests.test_logbook_api.TestLogbookEntries" name="test_create_entry_direct_client_contact" time="0.336" /><testcase classname="tests.test_logbook_api.TestLogbookEntries" name="test_create_entry_other_activity_type_bug_check" time="0.384" /><testcase classname="tests.test_logbook_api.TestLogbookEntries" name="test_update_entry_preserves_activity_type" time="0.390" /><testcase classname="tests.test_logbook_api.TestLogbookEntries" name="test_create_all_activity_types" time="0.549" /><testcase classname="tests.test_logbook_api.TestLogbookStats" name="test_get_stats" time="0.307" /><testcase classname="tests.test_logbook_api.TestCPDEndpoints" name="test_get_cpd_activities" time="0.298" /><testcase classname="tests.test_logbook_api.TestCPDEndpoints" name="test_get_cpd_consultations" time="0.250" /><testcase classname="tests.test_supervisor_features.TestSupervisorFields" name="test_create_year_with_supervisors" time="0.258"><failure message="AssertionError: Primary supervisor not saved: {'id': '3b6b86cb-6cb8-42ed-a728-98f9949d8ae8', 'user_id': 'ee5d1377-8d4a-4bcc-bb32-63e769401e47', 'year': 'TEST_2027', 'start_date': '2027-01-01', 'end_date': '2027-12-31', 'target_direct_client': 0.0, 'target_supervision_individual': 0.0, 'target_supervision_group': 0.0, 'target_peer_consultation': 0.0, 'target_cpd': 0.0, 'target_other': 0.0, 'target_supervision': 0.0, 'primary_supervisor': '', 'secondary_supervisors': [], 'created_at': '2026-01-10T05:28:30.476102+00:00'}&#10;assert '' == 'Dr. John Smith'&#10;  &#10;  - Dr. John Smith">tests/test_supervisor_features.py:42: in test_create_year_with_supervisors
    assert data.get("primary_supervisor") == "Dr. John Smith", f"Primary supervisor not saved: {data}"
E   AssertionError: Primary supervisor not saved: {'id': '3b6b86cb-6cb8-42ed-a728-98f9949d8ae8', 'user_id': 'ee5d1377-8d4a-4bcc-bb32-63e769401e47', 'year': 'TEST_2027', 'start_date': '2027-01-01', 'end_date': '2027-12-31', 'target_direct_client': 0.0, 'target_supervision_individual': 0.0, 'target_supervision_group': 0.0, 'target_peer_consultation': 0.0, 'target_cpd': 0.0, 'target_other': 0.0, 'target_supervision': 0.0, 'primary_supervisor': '', 'secondary_supervisors': [], 'created_at': '2026-01-10T05:28:30.476102+00:00'}
E   assert '' == 'Dr. John Smith'
E     
E     - Dr. John Smith</failure></testcase><testcase classname="tests.test_supervisor_features.TestSupervisorFields" name="test_update_year_with_supervisors" time="0.304" /><testcase classname="tests.test_supervisor_features.TestSupervisorFields" name="test_get_years_includes_supervisor_fields" time="0.252" /><testcase classname="tests.test_supervisor_features.TestSupervisionActivityTypes" name="test_create_supervision_individual_primary" time="0.320" /><testcase classname="tests.test_supervisor_features.TestSupervisionActivityTypes" name="test_create_supervision_individual_secondary" time="0.295" /><testcase classname="tests.test_supervisor_features.TestSupervisionActivityTypes" name="test_create_supervision_group" time="0.330" /><testcase classname="tests.test_supervisor_features.TestLogbookStatsCategories" name="test_stats_categories" time="0.315" /></testsuite></testsuites>